<?xml version="1.0" encoding="UTF-8"?>
<!-- Generated by org.testng.reporters.JUnitReportReporter -->
<testsuite hostname="ThivakarDeivendran" failures="0" tests="1" name="testRunner.TestRunner" time="74.139" errors="0" timestamp="2024-08-27T21:07:09 IST" skipped="0">
  <testcase classname="testRunner.TestRunner" name="runScenario" time="74.139"/>
  <system-out/>
</testsuite> <!-- testRunner.TestRunner -->
